reports/io-ktor/2-3-10-to-2-3-13/run-26309637100/phase1/before/shared/build/outputs/logs/manifest-merger-release-report.txt
-- Merging decision tree log ---
manifest
ADDED from ProcessLibraryManifest/release/tempAndroidManifest9806002244156488112.xml:2:13-83
INJECTED from ProcessLibraryManifest/release/tempAndroidManifest9806002244156488112.xml:2:13-83
	package
		INJECTED from ProcessLibraryManifest/release/tempAndroidManifest9806002244156488112.xml
	xmlns:android
		ADDED from ProcessLibraryManifest/release/tempAndroidManifest9806002244156488112.xml:2:23-81
uses-sdk
INJECTED from ProcessLibraryManifest/release/tempAndroidManifest9806002244156488112.xml reason: use-sdk injection requested
INJECTED from ProcessLibraryManifest/release/tempAndroidManifest9806002244156488112.xml
INJECTED from ProcessLibraryManifest/release/tempAndroidManifest9806002244156488112.xml
	android:targetSdkVersion
		INJECTED from ProcessLibraryManifest/release/tempAndroidManifest9806002244156488112.xml
	android:minSdkVersion
		INJECTED from ProcessLibraryManifest/release/tempAndroidManifest9806002244156488112.xml